2023-04-24 18:49:45 INFO  Log:10 - *******************************************
2023-04-24 18:49:45 INFO  Log:11 - ********************************************
2023-04-24 18:49:45 INFO  Log:12 - **************this is the beginning of my test case**************
2023-04-24 18:49:45 INFO  Log:24 - my test case is executing
2023-04-24 18:49:45 INFO  Log:28 - My test have some issues
2023-04-24 18:49:52 INFO  Log:24 - this test is about to get completed
2023-04-24 18:49:52 INFO  Log:17 - ##############################################
2023-04-24 18:49:52 INFO  Log:18 - ###############################################
2023-04-24 18:49:52 INFO  Log:19 - #############this test case is finished##################
2023-04-29 11:57:01 INFO  Log:10 - *******************************************
2023-04-29 11:57:01 INFO  Log:11 - ********************************************
2023-04-29 11:57:01 INFO  Log:12 - **************this is the beginning of my test case**************
2023-04-29 11:57:01 INFO  Log:24 - my test case is executing
2023-04-29 11:57:01 INFO  Log:28 - My test have some issues
2023-04-29 11:57:07 INFO  Log:24 - this test is about to get completed
2023-04-29 11:57:07 INFO  Log:17 - ##############################################
2023-04-29 11:57:07 INFO  Log:18 - ###############################################
2023-04-29 11:57:07 INFO  Log:19 - #############this test case is finished##################
2023-04-29 11:57:09 INFO  Log:10 - *******************************************
2023-04-29 11:57:09 INFO  Log:11 - ********************************************
2023-04-29 11:57:09 INFO  Log:12 - **************this is the beginning of my test case**************
2023-04-29 11:57:09 INFO  Log:24 - my test case is executing
2023-04-29 11:57:09 INFO  Log:28 - My test have some issues
2023-04-29 11:57:18 INFO  Log:24 - this test is about to get completed
2023-04-29 11:57:18 INFO  Log:17 - ##############################################
2023-04-29 11:57:18 INFO  Log:18 - ###############################################
2023-04-29 11:57:18 INFO  Log:19 - #############this test case is finished##################
2023-04-29 12:02:19 INFO  Log:10 - *******************************************
2023-04-29 12:02:19 INFO  Log:11 - ********************************************
2023-04-29 12:02:19 INFO  Log:12 - **************this is the beginning of my test case**************
2023-04-29 12:02:19 INFO  Log:24 - my test case is executing
2023-04-29 12:02:19 INFO  Log:28 - My test have some issues
2023-04-29 12:02:27 INFO  Log:24 - this test is about to get completed
2023-04-29 12:02:27 INFO  Log:17 - ##############################################
2023-04-29 12:02:27 INFO  Log:18 - ###############################################
2023-04-29 12:02:27 INFO  Log:19 - #############this test case is finished##################
2023-04-29 12:03:18 INFO  Log:10 - *******************************************
2023-04-29 12:03:18 INFO  Log:11 - ********************************************
2023-04-29 12:03:18 INFO  Log:12 - **************this is the beginning of my test case**************
2023-04-29 12:03:18 INFO  Log:24 - my test case is executing
2023-04-29 12:03:18 INFO  Log:28 - My test have some issues
2023-04-29 12:03:24 INFO  Log:24 - this test is about to get completed
2023-04-29 12:03:24 INFO  Log:17 - ##############################################
2023-04-29 12:03:24 INFO  Log:18 - ###############################################
2023-04-29 12:03:24 INFO  Log:19 - #############this test case is finished##################
2023-04-29 12:33:16 INFO  Log:10 - *******************************************
2023-04-29 12:33:16 INFO  Log:11 - ********************************************
2023-04-29 12:33:16 INFO  Log:12 - **************this is the beginning of my test case**************
2023-04-29 12:33:16 INFO  Log:24 - my test case is executing
2023-04-29 12:33:16 INFO  Log:28 - My test have some issues
2023-04-29 12:33:22 INFO  Log:24 - this test is about to get completed
2023-04-29 12:33:22 INFO  Log:17 - ##############################################
2023-04-29 12:33:22 INFO  Log:18 - ###############################################
2023-04-29 12:33:22 INFO  Log:19 - #############this test case is finished##################
2023-04-29 12:37:05 INFO  Log:10 - *******************************************
2023-04-29 12:37:05 INFO  Log:11 - ********************************************
2023-04-29 12:37:05 INFO  Log:12 - **************this is the beginning of my test case**************
2023-04-29 12:37:05 INFO  Log:24 - my test case is executing
2023-04-29 12:37:05 INFO  Log:28 - My test have some issues
2023-04-29 12:37:12 INFO  Log:24 - this test is about to get completed
2023-04-29 12:37:12 INFO  Log:17 - ##############################################
2023-04-29 12:37:12 INFO  Log:18 - ###############################################
2023-04-29 12:37:12 INFO  Log:19 - #############this test case is finished##################
2023-04-29 12:41:18 INFO  Log:10 - *******************************************
2023-04-29 12:41:18 INFO  Log:11 - ********************************************
2023-04-29 12:41:18 INFO  Log:12 - **************this is the beginning of my test case**************
2023-04-29 12:41:18 INFO  Log:24 - my test case is executing
2023-04-29 12:41:18 INFO  Log:28 - My test have some issues
2023-04-29 12:41:25 INFO  Log:24 - this test is about to get completed
2023-04-29 12:41:25 INFO  Log:17 - ##############################################
2023-04-29 12:41:25 INFO  Log:18 - ###############################################
2023-04-29 12:41:25 INFO  Log:19 - #############this test case is finished##################
2023-04-29 14:35:10 INFO  Log:10 - *******************************************
2023-04-29 14:35:10 INFO  Log:11 - ********************************************
2023-04-29 14:35:10 INFO  Log:12 - **************this is the beginning of my test case**************
2023-04-29 14:35:10 INFO  Log:24 - my test case is executing
2023-04-29 14:35:10 INFO  Log:28 - My test have some issues
2023-04-29 14:35:15 INFO  Log:24 - this test is about to get completed
2023-04-29 14:35:15 INFO  Log:17 - ##############################################
2023-04-29 14:35:15 INFO  Log:18 - ###############################################
2023-04-29 14:35:15 INFO  Log:19 - #############this test case is finished##################
